<?xml version="1.0" encoding="UTF-8"?>
<!-- Generated by org.testng.reporters.JUnitXMLReporter -->
<testsuite ignored="0" hostname="LAPTOP-SQR33GIN" failures="0" tests="4" name="Default test" time="96.412" errors="0" timestamp="2026-08-03T12:16:25 IST">
  <testcase classname="dataProviderInTestNg.naukari_DataProvider2" name="naukariUpdate" time="22.95"/>
  <testcase classname="dataProviderInTestNg.naukari_DataProvider2" name="naukariUpdate" time="29.263"/>
  <testcase classname="dataProviderInTestNg.naukari_DataProvider2" name="naukariUpdate" time="17.322"/>
  <testcase classname="dataProviderInTestNg.naukari_DataProvider2" name="naukariUpdate" time="26.436"/>
</testsuite> <!-- Default test -->
