<?xml version="1.0" encoding="UTF-8"?>
<testng-results ignored="0" total="5" passed="3" failed="2" skipped="0">
  <reporter-output>
  </reporter-output>
  <suite started-at="2026-07-29T14:50:25 IST" name="Default suite" finished-at="2026-07-29T14:53:27 IST" duration-ms="182064">
    <groups>
    </groups>
    <test started-at="2026-07-29T14:50:25 IST" name="Default test" finished-at="2026-07-29T14:53:27 IST" duration-ms="182064">
      <class name="dataProviderInTestNg.naukari_DataProvider2">
        <test-method signature="naukariUpdate(java.lang.String,java.lang.String,java.lang.String)[pri:0, instance:dataProviderInTestNg.naukari_DataProvider2@b40bb6e]" started-at="2026-07-29T14:50:25 IST" name="naukariUpdate" data-provider="data" finished-at="2026-07-29T14:51:17 IST" duration-ms="51207" status="PASS">
          <params>
            <param index="0">
              <value>
                <![CDATA[s.shankar2905@gmail.com]]>
              </value>
            </param>
            <param index="1">
              <value>
                <![CDATA[Robin@123]]>
              </value>
            </param>
            <param index="2">
              <value>
                <![CDATA[C:\Users\Uma Shankar\eclipse-workspace-1\Slenium/resume/Uma_Shankar_QA_Engineer_Resume.docx]]>
              </value>
            </param>
          </params>
          <reporter-output>
          </reporter-output>
        </test-method> <!-- naukariUpdate -->
        <test-method is-config="true" signature="closeBrowser()[pri:0, instance:dataProviderInTestNg.naukari_DataProvider2@b40bb6e]" started-at="2026-07-29T14:51:17 IST" name="closeBrowser" finished-at="2026-07-29T14:51:17 IST" duration-ms="215" status="PASS">
          <reporter-output>
          </reporter-output>
        </test-method> <!-- closeBrowser -->
        <test-method signature="naukariUpdate(java.lang.String,java.lang.String,java.lang.String)[pri:0, instance:dataProviderInTestNg.naukari_DataProvider2@b40bb6e]" started-at="2026-07-29T14:51:17 IST" name="naukariUpdate" data-provider="data" finished-at="2026-07-29T14:51:44 IST" duration-ms="27369" status="PASS">
          <params>
            <param index="0">
              <value>
                <![CDATA[s.umashankar5552@gmail.com]]>
              </value>
            </param>
            <param index="1">
              <value>
                <![CDATA[Robin@123]]>
              </value>
            </param>
            <param index="2">
              <value>
                <![CDATA[C:\Users\Uma Shankar\eclipse-workspace-1\Slenium/resume/Uma_Shankar_Resume.docx]]>
              </value>
            </param>
          </params>
          <reporter-output>
          </reporter-output>
        </test-method> <!-- naukariUpdate -->
        <test-method is-config="true" signature="closeBrowser()[pri:0, instance:dataProviderInTestNg.naukari_DataProvider2@b40bb6e]" started-at="2026-07-29T14:51:44 IST" name="closeBrowser" finished-at="2026-07-29T14:51:44 IST" duration-ms="186" status="PASS">
          <reporter-output>
          </reporter-output>
        </test-method> <!-- closeBrowser -->
        <test-method signature="naukariUpdate(java.lang.String,java.lang.String,java.lang.String)[pri:0, instance:dataProviderInTestNg.naukari_DataProvider2@b40bb6e]" started-at="2026-07-29T14:51:44 IST" name="naukariUpdate" data-provider="data" finished-at="2026-07-29T14:52:18 IST" duration-ms="33820" status="PASS">
          <params>
            <param index="0">
              <value>
                <![CDATA[iamumashankar3@gmail.com]]>
              </value>
            </param>
            <param index="1">
              <value>
                <![CDATA[Robin@123]]>
              </value>
            </param>
            <param index="2">
              <value>
                <![CDATA[C:\Users\Uma Shankar\eclipse-workspace-1\Slenium/resume/Uma_Shankar_IAM_Engineer_Resume.docx]]>
              </value>
            </param>
          </params>
          <reporter-output>
          </reporter-output>
        </test-method> <!-- naukariUpdate -->
        <test-method is-config="true" signature="closeBrowser()[pri:0, instance:dataProviderInTestNg.naukari_DataProvider2@b40bb6e]" started-at="2026-07-29T14:52:18 IST" name="closeBrowser" finished-at="2026-07-29T14:52:18 IST" duration-ms="207" status="PASS">
          <reporter-output>
          </reporter-output>
        </test-method> <!-- closeBrowser -->
        <test-method signature="naukariUpdate(java.lang.String,java.lang.String,java.lang.String)[pri:0, instance:dataProviderInTestNg.naukari_DataProvider2@b40bb6e]" started-at="2026-07-29T14:52:18 IST" name="naukariUpdate" data-provider="data" finished-at="2026-07-29T14:52:52 IST" duration-ms="33494" status="FAIL">
          <params>
            <param index="0">
              <value>
                <![CDATA[umabuddy5552@gmail.com]]>
              </value>
            </param>
            <param index="1">
              <value>
                <![CDATA[6361888970]]>
              </value>
            </param>
            <param index="2">
              <value>
                <![CDATA[C:\Users\Uma Shankar\eclipse-workspace-1\Slenium/resume/Reddy_resume.docx]]>
              </value>
            </param>
          </params>
          <exception class="org.openqa.selenium.InvalidArgumentException">
            <message>
              <![CDATA[invalid argument: File not found : C:\Users\Uma Shankar\eclipse-workspace-1\Slenium/resume/Reddy_resume.docx
  (Session info: chrome=150.0.7871.181)
Build info: version: '4.35.0', revision: '1c58e5028b'
System info: os.name: 'Windows 11', os.arch: 'amd64', os.version: '10.0', java.version: '25.0.3'
Driver info: org.openqa.selenium.chrome.ChromeDriver
Command: [41cb3488b95428ccd9a4bd85872dbb0e, sendKeysToElement {id=f.C84F7CFC97CE1B9F654274086C44D1D1.d.EFBC2DF0B5C60FCBC8B9F17FF7921DF9.e.1589, value=[Ljava.lang.CharSequence;@4f235107}]
Capabilities {acceptInsecureCerts: false, browserName: chrome, browserVersion: 150.0.7871.181, chrome: {chromedriverVersion: 150.0.7871.124 (9261fd0a595..., userDataDir: C:\Users\UMASHA~1\AppData\L...}, fedcm:accounts: true, goog:chromeOptions: {debuggerAddress: localhost:54699}, goog:processID: 4900, networkConnectionEnabled: false, pageLoadStrategy: normal, platformName: windows, proxy: Proxy(), se:cdp: ws://localhost:54699/devtoo..., se:cdpVersion: 150.0.7871.181, setWindowRect: true, strictFileInteractability: false, timeouts: {implicit: 0, pageLoad: 300000, script: 30000}, unhandledPromptBehavior: dismiss and notify, webauthn:extension:credBlob: true, webauthn:extension:largeBlob: true, webauthn:extension:minPinLength: true, webauthn:extension:prf: true, webauthn:virtualAuthenticators: true}
Element: [[ChromeDriver: chrome on windows (41cb3488b95428ccd9a4bd85872dbb0e)] -> xpath: //input[@id='attachCV']]
Session ID: 41cb3488b95428ccd9a4bd85872dbb0e]]>
            </message>
            <full-stacktrace>
              <![CDATA[org.openqa.selenium.InvalidArgumentException: invalid argument: File not found : C:\Users\Uma Shankar\eclipse-workspace-1\Slenium/resume/Reddy_resume.docx
  (Session info: chrome=150.0.7871.181)
Build info: version: '4.35.0', revision: '1c58e5028b'
System info: os.name: 'Windows 11', os.arch: 'amd64', os.version: '10.0', java.version: '25.0.3'
Driver info: org.openqa.selenium.chrome.ChromeDriver
Command: [41cb3488b95428ccd9a4bd85872dbb0e, sendKeysToElement {id=f.C84F7CFC97CE1B9F654274086C44D1D1.d.EFBC2DF0B5C60FCBC8B9F17FF7921DF9.e.1589, value=[Ljava.lang.CharSequence;@4f235107}]
Capabilities {acceptInsecureCerts: false, browserName: chrome, browserVersion: 150.0.7871.181, chrome: {chromedriverVersion: 150.0.7871.124 (9261fd0a595..., userDataDir: C:\Users\UMASHA~1\AppData\L...}, fedcm:accounts: true, goog:chromeOptions: {debuggerAddress: localhost:54699}, goog:processID: 4900, networkConnectionEnabled: false, pageLoadStrategy: normal, platformName: windows, proxy: Proxy(), se:cdp: ws://localhost:54699/devtoo..., se:cdpVersion: 150.0.7871.181, setWindowRect: true, strictFileInteractability: false, timeouts: {implicit: 0, pageLoad: 300000, script: 30000}, unhandledPromptBehavior: dismiss and notify, webauthn:extension:credBlob: true, webauthn:extension:largeBlob: true, webauthn:extension:minPinLength: true, webauthn:extension:prf: true, webauthn:virtualAuthenticators: true}
Element: [[ChromeDriver: chrome on windows (41cb3488b95428ccd9a4bd85872dbb0e)] -> xpath: //input[@id='attachCV']]
Session ID: 41cb3488b95428ccd9a4bd85872dbb0e
at java.base/jdk.internal.reflect.DirectConstructorHandleAccessor.newInstance(DirectConstructorHandleAccessor.java:62)
at java.base/java.lang.reflect.Constructor.newInstanceWithCaller(Constructor.java:499)
at java.base/java.lang.reflect.Constructor.newInstance(Constructor.java:483)
at org.openqa.selenium.remote.ErrorCodec.decode(ErrorCodec.java:167)
at org.openqa.selenium.remote.codec.w3c.W3CHttpResponseCodec.decode(W3CHttpResponseCodec.java:138)
at org.openqa.selenium.remote.codec.w3c.W3CHttpResponseCodec.decode(W3CHttpResponseCodec.java:50)
at org.openqa.selenium.remote.HttpCommandExecutor.execute(HttpCommandExecutor.java:215)
at org.openqa.selenium.remote.service.DriverCommandExecutor.invokeExecute(DriverCommandExecutor.java:216)
at org.openqa.selenium.remote.service.DriverCommandExecutor.execute(DriverCommandExecutor.java:174)
at org.openqa.selenium.remote.RemoteWebDriver.execute(RemoteWebDriver.java:557)
at org.openqa.selenium.remote.RemoteWebElement.execute(RemoteWebElement.java:223)
at org.openqa.selenium.remote.RemoteWebElement.sendKeys(RemoteWebElement.java:110)
at dataProviderInTestNg.naukari_DataProvider2.naukariUpdate(naukari_DataProvider2.java:141)
at java.base/jdk.internal.reflect.DirectMethodHandleAccessor.invoke(DirectMethodHandleAccessor.java:104)
at java.base/java.lang.reflect.Method.invoke(Method.java:565)
at org.testng.internal.invokers.MethodInvocationHelper.invokeMethod(MethodInvocationHelper.java:141)
at org.testng.internal.invokers.TestInvoker.invokeMethod(TestInvoker.java:686)
at org.testng.internal.invokers.TestInvoker.invokeTestMethod(TestInvoker.java:230)
at org.testng.internal.invokers.MethodRunner.runInSequence(MethodRunner.java:63)
at org.testng.internal.invokers.TestInvoker$MethodInvocationAgent.invoke(TestInvoker.java:992)
at org.testng.internal.invokers.TestInvoker.invokeTestMethods(TestInvoker.java:203)
at org.testng.internal.invokers.TestMethodWorker.invokeTestMethods(TestMethodWorker.java:154)
at org.testng.internal.invokers.TestMethodWorker.run(TestMethodWorker.java:134)
at java.base/java.util.ArrayList.forEach(ArrayList.java:1604)
at org.testng.TestRunner.privateRun(TestRunner.java:739)
at org.testng.TestRunner.run(TestRunner.java:614)
at org.testng.SuiteRunner.runTest(SuiteRunner.java:421)
at org.testng.SuiteRunner.runSequentially(SuiteRunner.java:413)
at org.testng.SuiteRunner.privateRun(SuiteRunner.java:373)
at org.testng.SuiteRunner.run(SuiteRunner.java:312)
at org.testng.SuiteRunnerWorker.runSuite(SuiteRunnerWorker.java:52)
at org.testng.SuiteRunnerWorker.run(SuiteRunnerWorker.java:95)
at org.testng.TestNG.runSuitesSequentially(TestNG.java:1274)
at org.testng.TestNG.runSuitesLocally(TestNG.java:1208)
at org.testng.TestNG.runSuites(TestNG.java:1112)
at org.testng.TestNG.run(TestNG.java:1079)
at org.testng.remote.AbstractRemoteTestNG.run(AbstractRemoteTestNG.java:115)
at org.testng.remote.RemoteTestNG.initAndRun(RemoteTestNG.java:293)
at org.testng.remote.RemoteTestNG.main(RemoteTestNG.java:91)
]]>
            </full-stacktrace>
          </exception> <!-- org.openqa.selenium.InvalidArgumentException -->
          <reporter-output>
          </reporter-output>
        </test-method> <!-- naukariUpdate -->
        <test-method is-config="true" signature="closeBrowser()[pri:0, instance:dataProviderInTestNg.naukari_DataProvider2@b40bb6e]" started-at="2026-07-29T14:52:52 IST" name="closeBrowser" finished-at="2026-07-29T14:52:52 IST" duration-ms="145" status="PASS">
          <reporter-output>
          </reporter-output>
        </test-method> <!-- closeBrowser -->
        <test-method signature="naukariUpdate(java.lang.String,java.lang.String,java.lang.String)[pri:0, instance:dataProviderInTestNg.naukari_DataProvider2@b40bb6e]" started-at="2026-07-29T14:52:52 IST" name="naukariUpdate" data-provider="data" finished-at="2026-07-29T14:53:27 IST" duration-ms="35110" status="FAIL">
          <params>
            <param index="0">
              <value>
                <![CDATA[baluyadavalli4@gmail.com]]>
              </value>
            </param>
            <param index="1">
              <value>
                <![CDATA[Mahi@100194]]>
              </value>
            </param>
            <param index="2">
              <value>
                <![CDATA[C:\Users\Uma Shankar\eclipse-workspace-1\Slenium/resume/Bala_Yadavalli_Resume.docx]]>
              </value>
            </param>
          </params>
          <exception class="org.openqa.selenium.NoSuchElementException">
            <message>
              <![CDATA[no such element: Unable to locate element: {"method":"xpath","selector":"//div[@class="updateOn typ-14Regular"]"}
  (Session info: chrome=150.0.7871.181)
For documentation on this error, please visit: https://www.selenium.dev/documentation/webdriver/troubleshooting/errors#no-such-element-exception
Build info: version: '4.35.0', revision: '1c58e5028b'
System info: os.name: 'Windows 11', os.arch: 'amd64', os.version: '10.0', java.version: '25.0.3'
Driver info: org.openqa.selenium.chrome.ChromeDriver
Command: [3e7918fdb255a993b04ad38a43b0077a, findElement {using=xpath, value=//div[@class="updateOn typ-14Regular"]}]
Capabilities {acceptInsecureCerts: false, browserName: chrome, browserVersion: 150.0.7871.181, chrome: {chromedriverVersion: 150.0.7871.124 (9261fd0a595..., userDataDir: C:\Users\UMASHA~1\AppData\L...}, fedcm:accounts: true, goog:chromeOptions: {debuggerAddress: localhost:57221}, goog:processID: 11728, networkConnectionEnabled: false, pageLoadStrategy: normal, platformName: windows, proxy: Proxy(), se:cdp: ws://localhost:57221/devtoo..., se:cdpVersion: 150.0.7871.181, setWindowRect: true, strictFileInteractability: false, timeouts: {implicit: 0, pageLoad: 300000, script: 30000}, unhandledPromptBehavior: dismiss and notify, webauthn:extension:credBlob: true, webauthn:extension:largeBlob: true, webauthn:extension:minPinLength: true, webauthn:extension:prf: true, webauthn:virtualAuthenticators: true}
Session ID: 3e7918fdb255a993b04ad38a43b0077a]]>
            </message>
            <full-stacktrace>
              <![CDATA[org.openqa.selenium.NoSuchElementException: no such element: Unable to locate element: {"method":"xpath","selector":"//div[@class="updateOn typ-14Regular"]"}
  (Session info: chrome=150.0.7871.181)
For documentation on this error, please visit: https://www.selenium.dev/documentation/webdriver/troubleshooting/errors#no-such-element-exception
Build info: version: '4.35.0', revision: '1c58e5028b'
System info: os.name: 'Windows 11', os.arch: 'amd64', os.version: '10.0', java.version: '25.0.3'
Driver info: org.openqa.selenium.chrome.ChromeDriver
Command: [3e7918fdb255a993b04ad38a43b0077a, findElement {using=xpath, value=//div[@class="updateOn typ-14Regular"]}]
Capabilities {acceptInsecureCerts: false, browserName: chrome, browserVersion: 150.0.7871.181, chrome: {chromedriverVersion: 150.0.7871.124 (9261fd0a595..., userDataDir: C:\Users\UMASHA~1\AppData\L...}, fedcm:accounts: true, goog:chromeOptions: {debuggerAddress: localhost:57221}, goog:processID: 11728, networkConnectionEnabled: false, pageLoadStrategy: normal, platformName: windows, proxy: Proxy(), se:cdp: ws://localhost:57221/devtoo..., se:cdpVersion: 150.0.7871.181, setWindowRect: true, strictFileInteractability: false, timeouts: {implicit: 0, pageLoad: 300000, script: 30000}, unhandledPromptBehavior: dismiss and notify, webauthn:extension:credBlob: true, webauthn:extension:largeBlob: true, webauthn:extension:minPinLength: true, webauthn:extension:prf: true, webauthn:virtualAuthenticators: true}
Session ID: 3e7918fdb255a993b04ad38a43b0077a
at java.base/jdk.internal.reflect.DirectConstructorHandleAccessor.newInstance(DirectConstructorHandleAccessor.java:62)
at java.base/java.lang.reflect.Constructor.newInstanceWithCaller(Constructor.java:499)
at java.base/java.lang.reflect.Constructor.newInstance(Constructor.java:483)
at org.openqa.selenium.remote.ErrorCodec.decode(ErrorCodec.java:167)
at org.openqa.selenium.remote.codec.w3c.W3CHttpResponseCodec.decode(W3CHttpResponseCodec.java:138)
at org.openqa.selenium.remote.codec.w3c.W3CHttpResponseCodec.decode(W3CHttpResponseCodec.java:50)
at org.openqa.selenium.remote.HttpCommandExecutor.execute(HttpCommandExecutor.java:215)
at org.openqa.selenium.remote.service.DriverCommandExecutor.invokeExecute(DriverCommandExecutor.java:216)
at org.openqa.selenium.remote.service.DriverCommandExecutor.execute(DriverCommandExecutor.java:174)
at org.openqa.selenium.remote.RemoteWebDriver.execute(RemoteWebDriver.java:557)
at org.openqa.selenium.remote.ElementLocation$ElementFinder$2.findElement(ElementLocation.java:165)
at org.openqa.selenium.remote.ElementLocation.findElement(ElementLocation.java:59)
at org.openqa.selenium.remote.RemoteWebDriver.findElement(RemoteWebDriver.java:380)
at org.openqa.selenium.remote.RemoteWebDriver.findElement(RemoteWebDriver.java:374)
at dataProviderInTestNg.naukari_DataProvider2.naukariUpdate(naukari_DataProvider2.java:144)
at java.base/jdk.internal.reflect.DirectMethodHandleAccessor.invoke(DirectMethodHandleAccessor.java:104)
at java.base/java.lang.reflect.Method.invoke(Method.java:565)
at org.testng.internal.invokers.MethodInvocationHelper.invokeMethod(MethodInvocationHelper.java:141)
at org.testng.internal.invokers.TestInvoker.invokeMethod(TestInvoker.java:686)
at org.testng.internal.invokers.TestInvoker.invokeTestMethod(TestInvoker.java:230)
at org.testng.internal.invokers.MethodRunner.runInSequence(MethodRunner.java:63)
at org.testng.internal.invokers.TestInvoker$MethodInvocationAgent.invoke(TestInvoker.java:992)
at org.testng.internal.invokers.TestInvoker.invokeTestMethods(TestInvoker.java:203)
at org.testng.internal.invokers.TestMethodWorker.invokeTestMethods(TestMethodWorker.java:154)
at org.testng.internal.invokers.TestMethodWorker.run(TestMethodWorker.java:134)
at java.base/java.util.ArrayList.forEach(ArrayList.java:1604)
at org.testng.TestRunner.privateRun(TestRunner.java:739)
at org.testng.TestRunner.run(TestRunner.java:614)
at org.testng.SuiteRunner.runTest(SuiteRunner.java:421)
at org.testng.SuiteRunner.runSequentially(SuiteRunner.java:413)
at org.testng.SuiteRunner.privateRun(SuiteRunner.java:373)
at org.testng.SuiteRunner.run(SuiteRunner.java:312)
at org.testng.SuiteRunnerWorker.runSuite(SuiteRunnerWorker.java:52)
at org.testng.SuiteRunnerWorker.run(SuiteRunnerWorker.java:95)
at org.testng.TestNG.runSuitesSequentially(TestNG.java:1274)
at org.testng.TestNG.runSuitesLocally(TestNG.java:1208)
at org.testng.TestNG.runSuites(TestNG.java:1112)
at org.testng.TestNG.run(TestNG.java:1079)
at org.testng.remote.AbstractRemoteTestNG.run(AbstractRemoteTestNG.java:115)
at org.testng.remote.RemoteTestNG.initAndRun(RemoteTestNG.java:293)
at org.testng.remote.RemoteTestNG.main(RemoteTestNG.java:91)
]]>
            </full-stacktrace>
          </exception> <!-- org.openqa.selenium.NoSuchElementException -->
          <reporter-output>
          </reporter-output>
        </test-method> <!-- naukariUpdate -->
        <test-method is-config="true" signature="closeBrowser()[pri:0, instance:dataProviderInTestNg.naukari_DataProvider2@b40bb6e]" started-at="2026-07-29T14:53:27 IST" name="closeBrowser" finished-at="2026-07-29T14:53:27 IST" duration-ms="217" status="PASS">
          <reporter-output>
          </reporter-output>
        </test-method> <!-- closeBrowser -->
      </class> <!-- dataProviderInTestNg.naukari_DataProvider2 -->
    </test> <!-- Default test -->
  </suite> <!-- Default suite -->
</testng-results>
