<?xml version="1.0" encoding="UTF-8"?>
<testng-results ignored="0" total="4" passed="4" failed="0" skipped="0">
  <reporter-output>
  </reporter-output>
  <suite started-at="2026-08-03T12:14:49 IST" name="Default suite" finished-at="2026-08-03T12:16:25 IST" duration-ms="96412">
    <groups>
    </groups>
    <test started-at="2026-08-03T12:14:49 IST" name="Default test" finished-at="2026-08-03T12:16:25 IST" duration-ms="96412">
      <class name="dataProviderInTestNg.naukari_DataProvider2">
        <test-method signature="naukariUpdate(java.lang.String,java.lang.String,java.lang.String)[pri:0, instance:dataProviderInTestNg.naukari_DataProvider2@40ef3420]" started-at="2026-08-03T12:14:49 IST" name="naukariUpdate" data-provider="data" finished-at="2026-08-03T12:15:12 IST" duration-ms="22950" status="PASS">
          <params>
            <param index="0">
              <value>
                <![CDATA[s.shankar2905@gmail.com]]>
              </value>
            </param>
            <param index="1">
              <value>
                <![CDATA[Robin@123]]>
              </value>
            </param>
            <param index="2">
              <value>
                <![CDATA[C:\Users\Uma Shankar\eclipse-workspace-1\Slenium/resume/Uma_Shankar_QA_Engineer_Resume.docx]]>
              </value>
            </param>
          </params>
          <reporter-output>
          </reporter-output>
        </test-method> <!-- naukariUpdate -->
        <test-method is-config="true" signature="closeBrowser()[pri:0, instance:dataProviderInTestNg.naukari_DataProvider2@40ef3420]" started-at="2026-08-03T12:15:12 IST" name="closeBrowser" finished-at="2026-08-03T12:15:12 IST" duration-ms="111" status="PASS">
          <reporter-output>
          </reporter-output>
        </test-method> <!-- closeBrowser -->
        <test-method signature="naukariUpdate(java.lang.String,java.lang.String,java.lang.String)[pri:0, instance:dataProviderInTestNg.naukari_DataProvider2@40ef3420]" started-at="2026-08-03T12:15:12 IST" name="naukariUpdate" data-provider="data" finished-at="2026-08-03T12:15:41 IST" duration-ms="29263" status="PASS">
          <params>
            <param index="0">
              <value>
                <![CDATA[s.umashankar5552@gmail.com]]>
              </value>
            </param>
            <param index="1">
              <value>
                <![CDATA[Robin@123]]>
              </value>
            </param>
            <param index="2">
              <value>
                <![CDATA[C:\Users\Uma Shankar\eclipse-workspace-1\Slenium/resume/Uma_Shankar_Resume.docx]]>
              </value>
            </param>
          </params>
          <reporter-output>
          </reporter-output>
        </test-method> <!-- naukariUpdate -->
        <test-method is-config="true" signature="closeBrowser()[pri:0, instance:dataProviderInTestNg.naukari_DataProvider2@40ef3420]" started-at="2026-08-03T12:15:41 IST" name="closeBrowser" finished-at="2026-08-03T12:15:41 IST" duration-ms="93" status="PASS">
          <reporter-output>
          </reporter-output>
        </test-method> <!-- closeBrowser -->
        <test-method signature="naukariUpdate(java.lang.String,java.lang.String,java.lang.String)[pri:0, instance:dataProviderInTestNg.naukari_DataProvider2@40ef3420]" started-at="2026-08-03T12:15:41 IST" name="naukariUpdate" data-provider="data" finished-at="2026-08-03T12:15:59 IST" duration-ms="17322" status="PASS">
          <params>
            <param index="0">
              <value>
                <![CDATA[iamumashankar3@gmail.com]]>
              </value>
            </param>
            <param index="1">
              <value>
                <![CDATA[Robin@123]]>
              </value>
            </param>
            <param index="2">
              <value>
                <![CDATA[C:\Users\Uma Shankar\eclipse-workspace-1\Slenium/resume/Uma_Shankar_IAM_Engineer_Resume.docx]]>
              </value>
            </param>
          </params>
          <reporter-output>
          </reporter-output>
        </test-method> <!-- naukariUpdate -->
        <test-method is-config="true" signature="closeBrowser()[pri:0, instance:dataProviderInTestNg.naukari_DataProvider2@40ef3420]" started-at="2026-08-03T12:15:59 IST" name="closeBrowser" finished-at="2026-08-03T12:15:59 IST" duration-ms="91" status="PASS">
          <reporter-output>
          </reporter-output>
        </test-method> <!-- closeBrowser -->
        <test-method signature="naukariUpdate(java.lang.String,java.lang.String,java.lang.String)[pri:0, instance:dataProviderInTestNg.naukari_DataProvider2@40ef3420]" started-at="2026-08-03T12:15:59 IST" name="naukariUpdate" data-provider="data" finished-at="2026-08-03T12:16:25 IST" duration-ms="26436" status="PASS">
          <params>
            <param index="0">
              <value>
                <![CDATA[baluyadavalli4@gmail.com]]>
              </value>
            </param>
            <param index="1">
              <value>
                <![CDATA[Mahi@100194]]>
              </value>
            </param>
            <param index="2">
              <value>
                <![CDATA[C:\Users\Uma Shankar\eclipse-workspace-1\Slenium/resume/Bala_Yadavalli_Resume.docx]]>
              </value>
            </param>
          </params>
          <reporter-output>
          </reporter-output>
        </test-method> <!-- naukariUpdate -->
        <test-method is-config="true" signature="closeBrowser()[pri:0, instance:dataProviderInTestNg.naukari_DataProvider2@40ef3420]" started-at="2026-08-03T12:16:25 IST" name="closeBrowser" finished-at="2026-08-03T12:16:25 IST" duration-ms="102" status="PASS">
          <reporter-output>
          </reporter-output>
        </test-method> <!-- closeBrowser -->
      </class> <!-- dataProviderInTestNg.naukari_DataProvider2 -->
    </test> <!-- Default test -->
  </suite> <!-- Default suite -->
</testng-results>
