<?xml version="1.0" encoding="UTF-8"?>
<!-- Generated by org.testng.reporters.JUnitReportReporter -->
<testsuite hostname="LAPTOP-SQR33GIN" failures="0" tests="4" name="dataProviderInTestNg.naukari_DataProvider2" time="96.368" errors="0" timestamp="2026-08-03T12:16:25 IST" skipped="0">
  <testcase classname="dataProviderInTestNg.naukari_DataProvider2" name="naukariUpdate" time="29.365"/>
  <testcase classname="dataProviderInTestNg.naukari_DataProvider2" name="naukariUpdate" time="26.529"/>
  <testcase classname="dataProviderInTestNg.naukari_DataProvider2" name="naukariUpdate" time="23.041"/>
  <testcase classname="dataProviderInTestNg.naukari_DataProvider2" name="naukariUpdate" time="17.433"/>
</testsuite> <!-- dataProviderInTestNg.naukari_DataProvider2 -->
